0:0:0:0:0:0:0:1 - - [08/Nov/2020:18:21:09 +0700] "GET / HTTP/1.1" 200 1123
0:0:0:0:0:0:0:1 - - [08/Nov/2020:18:21:09 +0700] "GET /css/bootstrap.min.css HTTP/1.1" 200 83044
0:0:0:0:0:0:0:1 - - [08/Nov/2020:18:23:48 +0700] "GET /?form HTTP/1.1" 200 1159
0:0:0:0:0:0:0:1 - - [08/Nov/2020:18:23:48 +0700] "GET /css/bootstrap.min.css HTTP/1.1" 304 -
0:0:0:0:0:0:0:1 - - [08/Nov/2020:18:24:12 +0700] "POST /?form HTTP/1.1" 302 -
0:0:0:0:0:0:0:1 - - [08/Nov/2020:18:24:12 +0700] "GET /1;jsessionid=E6C518AD529CFEE99662AE9B864D2F1F HTTP/1.1" 200 1121
0:0:0:0:0:0:0:1 - - [08/Nov/2020:18:24:15 +0700] "GET / HTTP/1.1" 200 1204
0:0:0:0:0:0:0:1 - - [08/Nov/2020:18:24:20 +0700] "GET /?form HTTP/1.1" 200 1159
0:0:0:0:0:0:0:1 - - [08/Nov/2020:18:24:22 +0700] "GET / HTTP/1.1" 200 1204
0:0:0:0:0:0:0:1 - - [08/Nov/2020:18:24:26 +0700] "GET / HTTP/1.1" 200 1204
0:0:0:0:0:0:0:1 - - [08/Nov/2020:18:24:30 +0700] "GET /1 HTTP/1.1" 200 1048
0:0:0:0:0:0:0:1 - - [08/Nov/2020:18:24:30 +0700] "GET /css/bootstrap.min.css HTTP/1.1" 304 -
0:0:0:0:0:0:0:1 - - [08/Nov/2020:18:40:34 +0700] "GET / HTTP/1.1" 200 1204
0:0:0:0:0:0:0:1 - - [08/Nov/2020:18:40:35 +0700] "GET /css/bootstrap.min.css HTTP/1.1" 304 -
0:0:0:0:0:0:0:1 - - [08/Nov/2020:18:41:18 +0700] "GET /1 HTTP/1.1" 200 1048
0:0:0:0:0:0:0:1 - - [08/Nov/2020:19:20:37 +0700] "GET / HTTP/1.1" 200 1205
0:0:0:0:0:0:0:1 - - [08/Nov/2020:19:20:37 +0700] "GET /css/bootstrap.min.css HTTP/1.1" 304 -
0:0:0:0:0:0:0:1 - - [08/Nov/2020:19:20:37 +0700] "GET /favicon.ico HTTP/1.1" 200 2862
0:0:0:0:0:0:0:1 - - [08/Nov/2020:19:21:57 +0700] "GET / HTTP/1.1" 200 1150
0:0:0:0:0:0:0:1 - - [08/Nov/2020:19:21:57 +0700] "GET /favicon.ico HTTP/1.1" 200 2862
0:0:0:0:0:0:0:1 - - [08/Nov/2020:19:22:04 +0700] "GET /?form HTTP/1.1" 500 13216
127.0.0.1 - - [08/Nov/2020:19:34:29 +0700] "GET / HTTP/1.1" 200 1150
127.0.0.1 - - [08/Nov/2020:19:34:29 +0700] "GET /css/bootstrap.min.css HTTP/1.1" 304 -
127.0.0.1 - - [08/Nov/2020:19:34:34 +0700] "GET / HTTP/1.1" 200 1150
0:0:0:0:0:0:0:1 - - [08/Nov/2020:19:38:19 +0700] "GET / HTTP/1.1" 200 1150
0:0:0:0:0:0:0:1 - - [08/Nov/2020:19:38:21 +0700] "GET /?form HTTP/1.1" 200 953
0:0:0:0:0:0:0:1 - - [08/Nov/2020:19:38:23 +0700] "POST /?form HTTP/1.1" 200 1144
0:0:0:0:0:0:0:1 - - [08/Nov/2020:19:40:41 +0700] "POST /?form HTTP/1.1" 200 1263
0:0:0:0:0:0:0:1 - - [08/Nov/2020:19:40:41 +0700] "GET /favicon.ico HTTP/1.1" 200 2862
0:0:0:0:0:0:0:1 - - [08/Nov/2020:19:40:44 +0700] "GET / HTTP/1.1" 200 1150
0:0:0:0:0:0:0:1 - - [08/Nov/2020:19:40:46 +0700] "GET /?form HTTP/1.1" 200 1052
0:0:0:0:0:0:0:1 - - [08/Nov/2020:19:40:52 +0700] "POST /?form HTTP/1.1" 200 1241
0:0:0:0:0:0:0:1 - - [08/Nov/2020:19:43:30 +0700] "GET / HTTP/1.1" 200 1150
0:0:0:0:0:0:0:1 - - [08/Nov/2020:19:43:30 +0700] "GET /css/bootstrap.min.css HTTP/1.1" 304 -
0:0:0:0:0:0:0:1 - - [08/Nov/2020:19:43:33 +0700] "GET /?form HTTP/1.1" 200 1143
127.0.0.1 - - [08/Nov/2020:19:44:59 +0700] "GET /?form HTTP/1.1" 200 1326
127.0.0.1 - - [08/Nov/2020:19:44:59 +0700] "GET /favicon.ico HTTP/1.1" 200 2862
127.0.0.1 - - [08/Nov/2020:19:45:14 +0700] "POST /?form HTTP/1.1" 200 1693
0:0:0:0:0:0:0:1 - - [08/Nov/2020:19:45:55 +0700] "GET / HTTP/1.1" 200 1150
0:0:0:0:0:0:0:1 - - [08/Nov/2020:19:45:55 +0700] "GET /favicon.ico HTTP/1.1" 200 2862
0:0:0:0:0:0:0:1 - - [08/Nov/2020:19:45:57 +0700] "GET /?form HTTP/1.1" 200 1326
0:0:0:0:0:0:0:1 - - [08/Nov/2020:19:46:09 +0700] "POST /?form HTTP/1.1" 500 6068
0:0:0:0:0:0:0:1 - - [08/Nov/2020:21:50:14 +0700] "GET / HTTP/1.1" 500 5867
0:0:0:0:0:0:0:1 - - [08/Nov/2020:21:54:02 +0700] "GET / HTTP/1.1" 500 4737
0:0:0:0:0:0:0:1 - - [08/Nov/2020:21:54:02 +0700] "GET /favicon.ico HTTP/1.1" 200 2862
0:0:0:0:0:0:0:1 - - [08/Nov/2020:21:59:33 +0700] "GET / HTTP/1.1" 200 1987
0:0:0:0:0:0:0:1 - - [08/Nov/2020:21:59:34 +0700] "GET /css/bootstrap.min.css HTTP/1.1" 304 -
0:0:0:0:0:0:0:1 - - [08/Nov/2020:21:59:34 +0700] "GET /favicon.ico HTTP/1.1" 200 2862
