0:0:0:0:0:0:0:1 - - [09/Nov/2020:11:01:03 +0700] "GET / HTTP/1.1" 200 1942
0:0:0:0:0:0:0:1 - - [09/Nov/2020:11:01:03 +0700] "GET /css/bootstrap.min.css HTTP/1.1" 304 -
0:0:0:0:0:0:0:1 - - [09/Nov/2020:11:01:03 +0700] "GET /favicon.ico HTTP/1.1" 200 2862
0:0:0:0:0:0:0:1 - - [09/Nov/2020:11:02:50 +0700] "GET / HTTP/1.1" 200 1752
0:0:0:0:0:0:0:1 - - [09/Nov/2020:11:02:50 +0700] "GET /favicon.ico HTTP/1.1" 200 2862
0:0:0:0:0:0:0:1 - - [09/Nov/2020:11:03:40 +0700] "GET / HTTP/1.1" 200 1687
0:0:0:0:0:0:0:1 - - [09/Nov/2020:11:03:40 +0700] "GET /favicon.ico HTTP/1.1" 200 2862
0:0:0:0:0:0:0:1 - - [09/Nov/2020:11:03:44 +0700] "GET / HTTP/1.1" 500 4617
0:0:0:0:0:0:0:1 - - [09/Nov/2020:11:03:44 +0700] "GET /favicon.ico HTTP/1.1" 200 2862
0:0:0:0:0:0:0:1 - - [09/Nov/2020:11:05:08 +0700] "GET / HTTP/1.1" 200 2762
0:0:0:0:0:0:0:1 - - [09/Nov/2020:11:05:08 +0700] "GET /favicon.ico HTTP/1.1" 200 2862
0:0:0:0:0:0:0:1 - - [09/Nov/2020:11:06:53 +0700] "GET / HTTP/1.1" 200 2462
0:0:0:0:0:0:0:1 - - [09/Nov/2020:11:06:53 +0700] "GET /favicon.ico HTTP/1.1" 200 2862
0:0:0:0:0:0:0:1 - - [09/Nov/2020:11:07:38 +0700] "GET / HTTP/1.1" 500 12327
0:0:0:0:0:0:0:1 - - [09/Nov/2020:11:07:38 +0700] "GET /favicon.ico HTTP/1.1" 200 2862
0:0:0:0:0:0:0:1 - - [09/Nov/2020:11:09:02 +0700] "GET / HTTP/1.1" 500 6802
0:0:0:0:0:0:0:1 - - [09/Nov/2020:11:09:02 +0700] "GET /favicon.ico HTTP/1.1" 200 2862
0:0:0:0:0:0:0:1 - - [09/Nov/2020:11:09:53 +0700] "GET / HTTP/1.1" 200 2549
0:0:0:0:0:0:0:1 - - [09/Nov/2020:11:09:53 +0700] "GET /favicon.ico HTTP/1.1" 200 2862
0:0:0:0:0:0:0:1 - - [09/Nov/2020:11:12:23 +0700] "GET / HTTP/1.1" 200 3304
0:0:0:0:0:0:0:1 - - [09/Nov/2020:11:12:23 +0700] "GET /favicon.ico HTTP/1.1" 200 2862
0:0:0:0:0:0:0:1 - - [09/Nov/2020:11:14:53 +0700] "GET / HTTP/1.1" 200 3304
0:0:0:0:0:0:0:1 - - [09/Nov/2020:11:14:54 +0700] "GET /favicon.ico HTTP/1.1" 200 2862
0:0:0:0:0:0:0:1 - - [09/Nov/2020:11:14:55 +0700] "GET / HTTP/1.1" 500 4617
0:0:0:0:0:0:0:1 - - [09/Nov/2020:11:14:55 +0700] "GET /favicon.ico HTTP/1.1" 200 2862
0:0:0:0:0:0:0:1 - - [09/Nov/2020:11:17:20 +0700] "GET / HTTP/1.1" 200 3474
0:0:0:0:0:0:0:1 - - [09/Nov/2020:11:18:57 +0700] "GET /null HTTP/1.1" 400 968
0:0:0:0:0:0:0:1 - - [09/Nov/2020:11:23:06 +0700] "GET /null HTTP/1.1" 400 968
0:0:0:0:0:0:0:1 - - [09/Nov/2020:11:23:06 +0700] "GET /favicon.ico HTTP/1.1" 200 2862
0:0:0:0:0:0:0:1 - - [09/Nov/2020:11:23:11 +0700] "GET / HTTP/1.1" 200 3494
0:0:0:0:0:0:0:1 - - [09/Nov/2020:11:24:01 +0700] "GET / HTTP/1.1" 200 3759
0:0:0:0:0:0:0:1 - - [09/Nov/2020:11:24:01 +0700] "GET /favicon.ico HTTP/1.1" 200 2862
0:0:0:0:0:0:0:1 - - [09/Nov/2020:11:29:19 +0700] "GET / HTTP/1.1" 200 3684
0:0:0:0:0:0:0:1 - - [09/Nov/2020:11:29:19 +0700] "GET /favicon.ico HTTP/1.1" 200 2862
0:0:0:0:0:0:0:1 - - [09/Nov/2020:11:29:29 +0700] "GET / HTTP/1.1" 500 4617
0:0:0:0:0:0:0:1 - - [09/Nov/2020:11:29:29 +0700] "GET /favicon.ico HTTP/1.1" 200 2862
0:0:0:0:0:0:0:1 - - [09/Nov/2020:11:29:37 +0700] "GET / HTTP/1.1" 500 4617
0:0:0:0:0:0:0:1 - - [09/Nov/2020:11:31:04 +0700] "GET / HTTP/1.1" 200 3464
0:0:0:0:0:0:0:1 - - [09/Nov/2020:11:35:45 +0700] "GET / HTTP/1.1" 200 3464
0:0:0:0:0:0:0:1 - - [09/Nov/2020:11:35:50 +0700] "GET /5 HTTP/1.1" 200 953
0:0:0:0:0:0:0:1 - - [09/Nov/2020:11:38:19 +0700] "GET /5 HTTP/1.1" 200 953
0:0:0:0:0:0:0:1 - - [09/Nov/2020:11:38:19 +0700] "GET /favicon.ico HTTP/1.1" 200 2862
0:0:0:0:0:0:0:1 - - [09/Nov/2020:11:38:22 +0700] "GET /5 HTTP/1.1" 200 953
0:0:0:0:0:0:0:1 - - [09/Nov/2020:11:38:22 +0700] "GET /favicon.ico HTTP/1.1" 200 2862
0:0:0:0:0:0:0:1 - - [09/Nov/2020:11:38:25 +0700] "GET / HTTP/1.1" 500 4617
127.0.0.1 - - [09/Nov/2020:12:00:54 +0700] "GET / HTTP/1.1" 200 3464
127.0.0.1 - - [09/Nov/2020:12:00:56 +0700] "GET /5 HTTP/1.1" 200 1165
0:0:0:0:0:0:0:1 - - [09/Nov/2020:12:01:53 +0700] "GET /5 HTTP/1.1" 500 10983
0:0:0:0:0:0:0:1 - - [09/Nov/2020:12:01:53 +0700] "GET /favicon.ico HTTP/1.1" 200 2862
0:0:0:0:0:0:0:1 - - [09/Nov/2020:12:03:42 +0700] "GET / HTTP/1.1" 200 3464
0:0:0:0:0:0:0:1 - - [09/Nov/2020:12:03:44 +0700] "GET /5 HTTP/1.1" 200 1185
0:0:0:0:0:0:0:1 - - [09/Nov/2020:12:03:55 +0700] "GET /8 HTTP/1.1" 200 1188
0:0:0:0:0:0:0:1 - - [09/Nov/2020:12:13:16 +0700] "GET / HTTP/1.1" 200 3464
0:0:0:0:0:0:0:1 - - [09/Nov/2020:12:13:19 +0700] "GET /5 HTTP/1.1" 200 1140
0:0:0:0:0:0:0:1 - - [09/Nov/2020:12:45:53 +0700] "GET / HTTP/1.1" 200 3464
0:0:0:0:0:0:0:1 - - [09/Nov/2020:12:45:53 +0700] "GET /css/bootstrap.min.css HTTP/1.1" 304 -
0:0:0:0:0:0:0:1 - - [09/Nov/2020:12:45:55 +0700] "GET /?form HTTP/1.1" 500 7375
0:0:0:0:0:0:0:1 - - [09/Nov/2020:12:55:35 +0700] "GET / HTTP/1.1" 200 3464
0:0:0:0:0:0:0:1 - - [09/Nov/2020:12:55:38 +0700] "GET /?form HTTP/1.1" 500 7375
0:0:0:0:0:0:0:1 - - [09/Nov/2020:12:57:45 +0700] "GET / HTTP/1.1" 200 3464
0:0:0:0:0:0:0:1 - - [09/Nov/2020:12:57:46 +0700] "GET /?form HTTP/1.1" 200 1586
0:0:0:0:0:0:0:1 - - [09/Nov/2020:12:58:08 +0700] "POST /?form HTTP/1.1" 500 6068
0:0:0:0:0:0:0:1 - - [09/Nov/2020:12:59:14 +0700] "GET /form HTTP/1.1" 400 968
0:0:0:0:0:0:0:1 - - [09/Nov/2020:12:59:18 +0700] "GET / HTTP/1.1" 200 3464
0:0:0:0:0:0:0:1 - - [09/Nov/2020:12:59:20 +0700] "GET /?form HTTP/1.1" 200 1584
0:0:0:0:0:0:0:1 - - [09/Nov/2020:12:59:33 +0700] "POST /?form HTTP/1.1" 500 6068
0:0:0:0:0:0:0:1 - - [09/Nov/2020:13:16:40 +0700] "GET / HTTP/1.1" 200 3464
0:0:0:0:0:0:0:1 - - [09/Nov/2020:13:16:44 +0700] "GET /?form HTTP/1.1" 200 1586
0:0:0:0:0:0:0:1 - - [09/Nov/2020:13:16:57 +0700] "POST /?form HTTP/1.1" 500 6068
0:0:0:0:0:0:0:1 - - [09/Nov/2020:14:08:29 +0700] "GET / HTTP/1.1" 200 3464
0:0:0:0:0:0:0:1 - - [09/Nov/2020:14:08:31 +0700] "GET /?form HTTP/1.1" 200 1501
0:0:0:0:0:0:0:1 - - [09/Nov/2020:14:08:50 +0700] "POST /?form HTTP/1.1" 500 6068
0:0:0:0:0:0:0:1 - - [09/Nov/2020:15:34:39 +0700] "GET / HTTP/1.1" 200 3464
0:0:0:0:0:0:0:1 - - [09/Nov/2020:15:34:40 +0700] "GET /css/bootstrap.min.css HTTP/1.1" 304 -
0:0:0:0:0:0:0:1 - - [09/Nov/2020:15:34:41 +0700] "GET /?form HTTP/1.1" 500 7375
0:0:0:0:0:0:0:1 - - [09/Nov/2020:15:40:43 +0700] "GET / HTTP/1.1" 200 3464
0:0:0:0:0:0:0:1 - - [09/Nov/2020:15:40:45 +0700] "GET /?form HTTP/1.1" 200 1493
0:0:0:0:0:0:0:1 - - [09/Nov/2020:15:40:58 +0700] "POST /?form HTTP/1.1" 500 6068
0:0:0:0:0:0:0:1 - - [09/Nov/2020:15:48:16 +0700] "GET / HTTP/1.1" 200 3464
0:0:0:0:0:0:0:1 - - [09/Nov/2020:15:48:22 +0700] "GET /?form HTTP/1.1" 200 1493
0:0:0:0:0:0:0:1 - - [09/Nov/2020:15:48:32 +0700] "POST /?form HTTP/1.1" 500 6068
0:0:0:0:0:0:0:1 - - [09/Nov/2020:15:51:45 +0700] "GET / HTTP/1.1" 200 3464
0:0:0:0:0:0:0:1 - - [09/Nov/2020:16:12:22 +0700] "GET /5 HTTP/1.1" 500 10983
127.0.0.1 - - [09/Nov/2020:16:12:22 +0700] "GET /favicon.ico HTTP/1.1" 200 2862
127.0.0.1 - - [09/Nov/2020:16:12:28 +0700] "GET / HTTP/1.1" 200 3464
127.0.0.1 - - [09/Nov/2020:16:12:30 +0700] "GET /5 HTTP/1.1" 200 1140
127.0.0.1 - - [09/Nov/2020:16:12:34 +0700] "GET /5 HTTP/1.1" 200 1140
127.0.0.1 - - [09/Nov/2020:16:12:39 +0700] "GET /8 HTTP/1.1" 200 1143
127.0.0.1 - - [09/Nov/2020:16:12:44 +0700] "GET / HTTP/1.1" 200 3464
127.0.0.1 - - [09/Nov/2020:16:12:48 +0700] "GET /7 HTTP/1.1" 200 1144
127.0.0.1 - - [09/Nov/2020:16:12:52 +0700] "GET /6 HTTP/1.1" 200 1137
127.0.0.1 - - [09/Nov/2020:16:12:55 +0700] "GET /5 HTTP/1.1" 200 1140
127.0.0.1 - - [09/Nov/2020:16:12:59 +0700] "GET /?form HTTP/1.1" 200 1493
0:0:0:0:0:0:0:1 - - [09/Nov/2020:16:14:07 +0700] "POST /?form HTTP/1.1" 200 1824
0:0:0:0:0:0:0:1 - - [09/Nov/2020:16:22:52 +0700] "GET / HTTP/1.1" 200 3464
0:0:0:0:0:0:0:1 - - [09/Nov/2020:16:22:54 +0700] "GET /5 HTTP/1.1" 200 1140
0:0:0:0:0:0:0:1 - - [09/Nov/2020:16:22:58 +0700] "GET /?form HTTP/1.1" 200 1493
0:0:0:0:0:0:0:1 - - [09/Nov/2020:16:23:12 +0700] "POST /?form HTTP/1.1" 500 6068
0:0:0:0:0:0:0:1 - - [09/Nov/2020:16:30:45 +0700] "GET / HTTP/1.1" 200 3464
0:0:0:0:0:0:0:1 - - [09/Nov/2020:16:30:47 +0700] "GET /5 HTTP/1.1" 200 1185
0:0:0:0:0:0:0:1 - - [09/Nov/2020:16:30:58 +0700] "GET /7 HTTP/1.1" 200 1189
0:0:0:0:0:0:0:1 - - [09/Nov/2020:16:31:01 +0700] "GET /7 HTTP/1.1" 200 1189
0:0:0:0:0:0:0:1 - - [09/Nov/2020:16:31:04 +0700] "GET /?form HTTP/1.1" 200 1493
0:0:0:0:0:0:0:1 - - [09/Nov/2020:16:33:01 +0700] "GET / HTTP/1.1" 200 3464
0:0:0:0:0:0:0:1 - - [09/Nov/2020:16:33:03 +0700] "GET /5 HTTP/1.1" 200 1140
0:0:0:0:0:0:0:1 - - [09/Nov/2020:16:33:07 +0700] "GET /?form HTTP/1.1" 200 1493
0:0:0:0:0:0:0:1 - - [09/Nov/2020:16:33:20 +0700] "POST /?form HTTP/1.1" 500 6068
0:0:0:0:0:0:0:1 - - [09/Nov/2020:16:39:05 +0700] "GET / HTTP/1.1" 200 3464
0:0:0:0:0:0:0:1 - - [09/Nov/2020:16:39:08 +0700] "GET /?form HTTP/1.1" 200 1491
0:0:0:0:0:0:0:1 - - [09/Nov/2020:16:39:20 +0700] "POST /?form HTTP/1.1" 200 1601
0:0:0:0:0:0:0:1 - - [09/Nov/2020:16:42:43 +0700] "GET / HTTP/1.1" 200 3464
0:0:0:0:0:0:0:1 - - [09/Nov/2020:16:42:47 +0700] "GET /5 HTTP/1.1" 200 1140
0:0:0:0:0:0:0:1 - - [09/Nov/2020:16:42:51 +0700] "GET /?form HTTP/1.1" 200 1493
0:0:0:0:0:0:0:1 - - [09/Nov/2020:16:43:02 +0700] "POST /?form HTTP/1.1" 500 5445
0:0:0:0:0:0:0:1 - - [09/Nov/2020:16:49:20 +0700] "GET / HTTP/1.1" 200 3916
0:0:0:0:0:0:0:1 - - [09/Nov/2020:16:51:35 +0700] "GET / HTTP/1.1" 200 3464
0:0:0:0:0:0:0:1 - - [09/Nov/2020:16:51:43 +0700] "GET /?form HTTP/1.1" 200 1493
0:0:0:0:0:0:0:1 - - [09/Nov/2020:16:51:46 +0700] "GET /5 HTTP/1.1" 200 1140
0:0:0:0:0:0:0:1 - - [09/Nov/2020:16:52:00 +0700] "GET /?form HTTP/1.1" 200 1493
0:0:0:0:0:0:0:1 - - [09/Nov/2020:16:53:06 +0700] "POST /?form HTTP/1.1" 500 3581
0:0:0:0:0:0:0:1 - - [09/Nov/2020:17:00:03 +0700] "GET / HTTP/1.1" 200 3464
0:0:0:0:0:0:0:1 - - [09/Nov/2020:17:00:05 +0700] "GET /?form HTTP/1.1" 200 1493
0:0:0:0:0:0:0:1 - - [09/Nov/2020:17:01:05 +0700] "POST /?form HTTP/1.1" 302 -
0:0:0:0:0:0:0:1 - - [09/Nov/2020:17:01:05 +0700] "GET /12 HTTP/1.1" 200 1212
0:0:0:0:0:0:0:1 - - [09/Nov/2020:17:01:14 +0700] "GET / HTTP/1.1" 200 3941
0:0:0:0:0:0:0:1 - - [09/Nov/2020:17:07:30 +0700] "GET / HTTP/1.1" 200 3939
0:0:0:0:0:0:0:1 - - [09/Nov/2020:17:07:37 +0700] "GET /5 HTTP/1.1" 200 1139
127.0.0.1 - - [09/Nov/2020:17:19:30 +0700] "GET / HTTP/1.1" 200 3939
0:0:0:0:0:0:0:1 - - [09/Nov/2020:17:20:39 +0700] "GET / HTTP/1.1" 200 3936
0:0:0:0:0:0:0:1 - - [09/Nov/2020:17:20:46 +0700] "GET /?form HTTP/1.1" 200 1493
0:0:0:0:0:0:0:1 - - [09/Nov/2020:17:20:51 +0700] "GET / HTTP/1.1" 200 3936
0:0:0:0:0:0:0:1 - - [09/Nov/2020:17:22:47 +0700] "GET / HTTP/1.1" 200 3936
0:0:0:0:0:0:0:1 - - [09/Nov/2020:17:22:49 +0700] "GET /?form HTTP/1.1" 200 1484
0:0:0:0:0:0:0:1 - - [09/Nov/2020:17:22:54 +0700] "GET / HTTP/1.1" 200 3936
0:0:0:0:0:0:0:1 - - [09/Nov/2020:17:22:56 +0700] "GET /5 HTTP/1.1" 200 1134
